<?xml version="1.0" encoding="UTF-8"?>
<!-- Generated by org.testng.reporters.JUnitReportReporter -->
<testsuite hostname="eze1-lsg-b00059" name="com.TestGmail.TestGmail" tests="1" failures="0" timestamp="3 Oct 2016 15:55:19 GMT" time="5.572" errors="0">
  <testcase name="Test01" time="5.572" classname="com.TestGmail.TestGmail"/>
</testsuite> <!-- com.TestGmail.TestGmail -->
